2016-08-31 12:31:18 INFO  ClassPathXmlApplicationContext:513 - Refreshing org.springframework.context.support.ClassPathXmlApplicationContext@1ba34e0: startup date [Wed Aug 31 12:31:18 IST 2016]; root of context hierarchy
2016-08-31 12:31:18 INFO  XmlBeanDefinitionReader:316 - Loading XML bean definitions from class path resource [applicationContext.xml]
2016-08-31 12:31:18 INFO  XmlBeanDefinitionReader:316 - Loading XML bean definitions from class path resource [jsontocsv-beans.xml]
2016-08-31 12:31:18 INFO  DefaultListableBeanFactory:746 - Overriding bean definition for bean 'jsonToCsvBatchJob': replacing [Generic bean: class [org.springframework.batch.core.configuration.xml.SimpleFlowFactoryBean]; scope=; abstract=false; lazyInit=false; autowireMode=0; dependencyCheck=0; autowireCandidate=true; primary=false; factoryBeanName=null; factoryMethodName=null; initMethodName=null; destroyMethodName=null] with [Generic bean: class [org.springframework.batch.core.configuration.xml.JobParserJobFactoryBean]; scope=; abstract=false; lazyInit=false; autowireMode=0; dependencyCheck=0; autowireCandidate=true; primary=false; factoryBeanName=null; factoryMethodName=null; initMethodName=null; destroyMethodName=null]
2016-08-31 12:31:18 INFO  PropertyPlaceholderConfigurer:172 - Loading properties file from class path resource [jsontocsv.properties]
2016-08-31 12:31:18 WARN  DefaultListableBeanFactory:739 - Overriding user-defined bean definition for bean 'jsonToCsvFlatFileItemReader with a framework-generated bean definition ': replacing [Generic bean: class [org.springframework.batch.item.file.FlatFileItemReader]; scope=step; abstract=false; lazyInit=false; autowireMode=0; dependencyCheck=0; autowireCandidate=false; primary=false; factoryBeanName=null; factoryMethodName=null; initMethodName=null; destroyMethodName=null; defined in class path resource [jsontocsv-beans.xml]] with [Root bean: class [org.springframework.aop.scope.ScopedProxyFactoryBean]; scope=; abstract=false; lazyInit=false; autowireMode=0; dependencyCheck=0; autowireCandidate=true; primary=false; factoryBeanName=null; factoryMethodName=null; initMethodName=null; destroyMethodName=null; defined in BeanDefinition defined in class path resource [jsontocsv-beans.xml]]
2016-08-31 12:31:18 WARN  DefaultListableBeanFactory:739 - Overriding user-defined bean definition for bean 'jsonToCsvFlatFileItemWriter with a framework-generated bean definition ': replacing [Generic bean: class [org.springframework.batch.item.file.FlatFileItemWriter]; scope=step; abstract=false; lazyInit=false; autowireMode=0; dependencyCheck=0; autowireCandidate=false; primary=false; factoryBeanName=null; factoryMethodName=null; initMethodName=null; destroyMethodName=null; defined in class path resource [jsontocsv-beans.xml]] with [Root bean: class [org.springframework.aop.scope.ScopedProxyFactoryBean]; scope=; abstract=false; lazyInit=false; autowireMode=0; dependencyCheck=0; autowireCandidate=true; primary=false; factoryBeanName=null; factoryMethodName=null; initMethodName=null; destroyMethodName=null; defined in BeanDefinition defined in class path resource [jsontocsv-beans.xml]]
2016-08-31 12:31:18 INFO  SimpleJobLauncher:194 - No TaskExecutor has been set, defaulting to synchronous executor.
2016-08-31 12:31:19 INFO  SimpleJobLauncher:132 - Job: [FlowJob: [name=jsonToCsvBatchJob]] launched with the following parameters: [{outputPath=C:\Users\pratibha.ghorpade\FileConversion\file.csv, outputHeaders=modified1,identifier,brand, outputFieldSeperator=,, inputPath=C:\Users\pratibha.ghorpade\FileConversion\file.json.formatted}]
2016-08-31 12:31:19 INFO  SimpleStepHandler:139 - Executing step: [jsonToCsvBatchStepId]
2016-08-31 12:31:19 ERROR AbstractStep:222 - Encountered an error executing step jsonToCsvBatchStepId in job jsonToCsvBatchJob
org.springframework.retry.ExhaustedRetryException: Retry exhausted after last attempt in recovery path, but exception is not skippable.; nested exception is org.springframework.beans.NotReadablePropertyException: Invalid property 'modified1' of bean class [DynamicJsonInVO]: Bean property 'modified1' is not readable or has an invalid getter method: Does the return type of the getter match the parameter type of the setter?
	at org.springframework.batch.core.step.item.FaultTolerantChunkProcessor$5.recover(FaultTolerantChunkProcessor.java:405)
	at org.springframework.retry.support.RetryTemplate.handleRetryExhausted(RetryTemplate.java:435)
	at org.springframework.retry.support.RetryTemplate.doExecute(RetryTemplate.java:304)
	at org.springframework.retry.support.RetryTemplate.execute(RetryTemplate.java:188)
	at org.springframework.batch.core.step.item.BatchRetryTemplate.execute(BatchRetryTemplate.java:217)
	at org.springframework.batch.core.step.item.FaultTolerantChunkProcessor.write(FaultTolerantChunkProcessor.java:422)
	at org.springframework.batch.core.step.item.SimpleChunkProcessor.process(SimpleChunkProcessor.java:199)
	at org.springframework.batch.core.step.item.ChunkOrientedTasklet.execute(ChunkOrientedTasklet.java:75)
	at org.springframework.batch.core.step.tasklet.TaskletStep$ChunkTransactionCallback.doInTransaction(TaskletStep.java:395)
	at org.springframework.transaction.support.TransactionTemplate.execute(TransactionTemplate.java:133)
	at org.springframework.batch.core.step.tasklet.TaskletStep$2.doInChunkContext(TaskletStep.java:267)
	at org.springframework.batch.core.scope.context.StepContextRepeatCallback.doInIteration(StepContextRepeatCallback.java:77)
	at org.springframework.batch.repeat.support.RepeatTemplate.getNextResult(RepeatTemplate.java:368)
	at org.springframework.batch.repeat.support.RepeatTemplate.executeInternal(RepeatTemplate.java:215)
	at org.springframework.batch.repeat.support.RepeatTemplate.iterate(RepeatTemplate.java:144)
	at org.springframework.batch.core.step.tasklet.TaskletStep.doExecute(TaskletStep.java:253)
	at org.springframework.batch.core.step.AbstractStep.execute(AbstractStep.java:195)
	at org.springframework.batch.core.job.SimpleStepHandler.handleStep(SimpleStepHandler.java:141)
	at org.springframework.batch.core.job.flow.JobFlowExecutor.executeStep(JobFlowExecutor.java:64)
	at org.springframework.batch.core.job.flow.support.state.StepState.handle(StepState.java:60)
	at org.springframework.batch.core.job.flow.support.SimpleFlow.resume(SimpleFlow.java:151)
	at org.springframework.batch.core.job.flow.support.SimpleFlow.start(SimpleFlow.java:130)
	at org.springframework.batch.core.job.flow.FlowJob.doExecute(FlowJob.java:135)
	at org.springframework.batch.core.job.AbstractJob.execute(AbstractJob.java:301)
	at org.springframework.batch.core.launch.support.SimpleJobLauncher$1.run(SimpleJobLauncher.java:134)
	at org.springframework.core.task.SyncTaskExecutor.execute(SyncTaskExecutor.java:50)
	at org.springframework.batch.core.launch.support.SimpleJobLauncher.run(SimpleJobLauncher.java:127)
	at org.springframework.batch.core.launch.support.CommandLineJobRunner.start(CommandLineJobRunner.java:351)
	at org.springframework.batch.core.launch.support.CommandLineJobRunner.main(CommandLineJobRunner.java:577)
	at JsonToCsvPage.actionPerformed(JsonToCsvPage.java:213)
	at javax.swing.AbstractButton.fireActionPerformed(AbstractButton.java:2022)
	at javax.swing.AbstractButton$Handler.actionPerformed(AbstractButton.java:2348)
	at javax.swing.DefaultButtonModel.fireActionPerformed(DefaultButtonModel.java:402)
	at javax.swing.DefaultButtonModel.setPressed(DefaultButtonModel.java:259)
	at javax.swing.plaf.basic.BasicButtonListener.mouseReleased(BasicButtonListener.java:252)
	at java.awt.Component.processMouseEvent(Component.java:6535)
	at javax.swing.JComponent.processMouseEvent(JComponent.java:3324)
	at java.awt.Component.processEvent(Component.java:6300)
	at java.awt.Container.processEvent(Container.java:2236)
	at java.awt.Component.dispatchEventImpl(Component.java:4891)
	at java.awt.Container.dispatchEventImpl(Container.java:2294)
	at java.awt.Component.dispatchEvent(Component.java:4713)
	at java.awt.LightweightDispatcher.retargetMouseEvent(Container.java:4888)
	at java.awt.LightweightDispatcher.processMouseEvent(Container.java:4525)
	at java.awt.LightweightDispatcher.dispatchEvent(Container.java:4466)
	at java.awt.Container.dispatchEventImpl(Container.java:2280)
	at java.awt.Window.dispatchEventImpl(Window.java:2750)
	at java.awt.Component.dispatchEvent(Component.java:4713)
	at java.awt.EventQueue.dispatchEventImpl(EventQueue.java:758)
	at java.awt.EventQueue.access$500(EventQueue.java:97)
	at java.awt.EventQueue$3.run(EventQueue.java:709)
	at java.awt.EventQueue$3.run(EventQueue.java:703)
	at java.security.AccessController.doPrivileged(Native Method)
	at java.security.ProtectionDomain$JavaSecurityAccessImpl.doIntersectionPrivilege(ProtectionDomain.java:76)
	at java.security.ProtectionDomain$JavaSecurityAccessImpl.doIntersectionPrivilege(ProtectionDomain.java:86)
	at java.awt.EventQueue$4.run(EventQueue.java:731)
	at java.awt.EventQueue$4.run(EventQueue.java:729)
	at java.security.AccessController.doPrivileged(Native Method)
	at java.security.ProtectionDomain$JavaSecurityAccessImpl.doIntersectionPrivilege(ProtectionDomain.java:76)
	at java.awt.EventQueue.dispatchEvent(EventQueue.java:728)
	at java.awt.EventDispatchThread.pumpOneEventForFilters(EventDispatchThread.java:201)
	at java.awt.EventDispatchThread.pumpEventsForFilter(EventDispatchThread.java:116)
	at java.awt.EventDispatchThread.pumpEventsForHierarchy(EventDispatchThread.java:105)
	at java.awt.EventDispatchThread.pumpEvents(EventDispatchThread.java:101)
	at java.awt.EventDispatchThread.pumpEvents(EventDispatchThread.java:93)
	at java.awt.EventDispatchThread.run(EventDispatchThread.java:82)
Caused by: org.springframework.beans.NotReadablePropertyException: Invalid property 'modified1' of bean class [DynamicJsonInVO]: Bean property 'modified1' is not readable or has an invalid getter method: Does the return type of the getter match the parameter type of the setter?
	at org.springframework.beans.BeanWrapperImpl.getPropertyValue(BeanWrapperImpl.java:723)
	at org.springframework.beans.BeanWrapperImpl.getPropertyValue(BeanWrapperImpl.java:714)
	at org.springframework.batch.item.file.transform.BeanWrapperFieldExtractor.extract(BeanWrapperFieldExtractor.java:57)
	at org.springframework.batch.item.file.transform.ExtractorLineAggregator.aggregate(ExtractorLineAggregator.java:54)
	at org.springframework.batch.item.file.FlatFileItemWriter.write(FlatFileItemWriter.java:267)
	at sun.reflect.NativeMethodAccessorImpl.invoke0(Native Method)
	at sun.reflect.NativeMethodAccessorImpl.invoke(NativeMethodAccessorImpl.java:62)
	at sun.reflect.DelegatingMethodAccessorImpl.invoke(DelegatingMethodAccessorImpl.java:43)
	at java.lang.reflect.Method.invoke(Method.java:498)
	at org.springframework.aop.support.AopUtils.invokeJoinpointUsingReflection(AopUtils.java:317)
	at org.springframework.aop.framework.ReflectiveMethodInvocation.invokeJoinpoint(ReflectiveMethodInvocation.java:190)
	at org.springframework.aop.framework.ReflectiveMethodInvocation.proceed(ReflectiveMethodInvocation.java:157)
	at org.springframework.aop.support.DelegatingIntroductionInterceptor.doProceed(DelegatingIntroductionInterceptor.java:133)
	at org.springframework.aop.support.DelegatingIntroductionInterceptor.invoke(DelegatingIntroductionInterceptor.java:121)
	at org.springframework.aop.framework.ReflectiveMethodInvocation.proceed(ReflectiveMethodInvocation.java:179)
	at org.springframework.aop.framework.JdkDynamicAopProxy.invoke(JdkDynamicAopProxy.java:207)
	at com.sun.proxy.$Proxy8.write(Unknown Source)
	at org.springframework.batch.core.step.item.SimpleChunkProcessor.writeItems(SimpleChunkProcessor.java:175)
	at org.springframework.batch.core.step.item.SimpleChunkProcessor.doWrite(SimpleChunkProcessor.java:151)
	at org.springframework.batch.core.step.item.FaultTolerantChunkProcessor$3.doWithRetry(FaultTolerantChunkProcessor.java:329)
	at org.springframework.retry.support.RetryTemplate.doExecute(RetryTemplate.java:255)
	... 63 more
2016-08-31 12:31:19 INFO  SimpleJobLauncher:135 - Job: [FlowJob: [name=jsonToCsvBatchJob]] completed with the following parameters: [{outputPath=C:\Users\pratibha.ghorpade\FileConversion\file.csv, outputHeaders=modified1,identifier,brand, outputFieldSeperator=,, inputPath=C:\Users\pratibha.ghorpade\FileConversion\file.json.formatted}] and the following status: [FAILED]
2016-08-31 12:31:19 INFO  ClassPathXmlApplicationContext:873 - Closing org.springframework.context.support.ClassPathXmlApplicationContext@1ba34e0: startup date [Wed Aug 31 12:31:18 IST 2016]; root of context hierarchy
2016-08-31 12:34:01 INFO  ClassPathXmlApplicationContext:513 - Refreshing org.springframework.context.support.ClassPathXmlApplicationContext@1ba34e0: startup date [Wed Aug 31 12:34:01 IST 2016]; root of context hierarchy
2016-08-31 12:34:02 INFO  XmlBeanDefinitionReader:316 - Loading XML bean definitions from class path resource [applicationContext.xml]
2016-08-31 12:34:02 INFO  XmlBeanDefinitionReader:316 - Loading XML bean definitions from class path resource [jsontocsv-beans.xml]
2016-08-31 12:34:02 INFO  DefaultListableBeanFactory:746 - Overriding bean definition for bean 'jsonToCsvBatchJob': replacing [Generic bean: class [org.springframework.batch.core.configuration.xml.SimpleFlowFactoryBean]; scope=; abstract=false; lazyInit=false; autowireMode=0; dependencyCheck=0; autowireCandidate=true; primary=false; factoryBeanName=null; factoryMethodName=null; initMethodName=null; destroyMethodName=null] with [Generic bean: class [org.springframework.batch.core.configuration.xml.JobParserJobFactoryBean]; scope=; abstract=false; lazyInit=false; autowireMode=0; dependencyCheck=0; autowireCandidate=true; primary=false; factoryBeanName=null; factoryMethodName=null; initMethodName=null; destroyMethodName=null]
2016-08-31 12:34:02 INFO  PropertyPlaceholderConfigurer:172 - Loading properties file from class path resource [jsontocsv.properties]
2016-08-31 12:34:02 WARN  DefaultListableBeanFactory:739 - Overriding user-defined bean definition for bean 'jsonToCsvFlatFileItemReader with a framework-generated bean definition ': replacing [Generic bean: class [org.springframework.batch.item.file.FlatFileItemReader]; scope=step; abstract=false; lazyInit=false; autowireMode=0; dependencyCheck=0; autowireCandidate=false; primary=false; factoryBeanName=null; factoryMethodName=null; initMethodName=null; destroyMethodName=null; defined in class path resource [jsontocsv-beans.xml]] with [Root bean: class [org.springframework.aop.scope.ScopedProxyFactoryBean]; scope=; abstract=false; lazyInit=false; autowireMode=0; dependencyCheck=0; autowireCandidate=true; primary=false; factoryBeanName=null; factoryMethodName=null; initMethodName=null; destroyMethodName=null; defined in BeanDefinition defined in class path resource [jsontocsv-beans.xml]]
2016-08-31 12:34:02 WARN  DefaultListableBeanFactory:739 - Overriding user-defined bean definition for bean 'jsonToCsvFlatFileItemWriter with a framework-generated bean definition ': replacing [Generic bean: class [org.springframework.batch.item.file.FlatFileItemWriter]; scope=step; abstract=false; lazyInit=false; autowireMode=0; dependencyCheck=0; autowireCandidate=false; primary=false; factoryBeanName=null; factoryMethodName=null; initMethodName=null; destroyMethodName=null; defined in class path resource [jsontocsv-beans.xml]] with [Root bean: class [org.springframework.aop.scope.ScopedProxyFactoryBean]; scope=; abstract=false; lazyInit=false; autowireMode=0; dependencyCheck=0; autowireCandidate=true; primary=false; factoryBeanName=null; factoryMethodName=null; initMethodName=null; destroyMethodName=null; defined in BeanDefinition defined in class path resource [jsontocsv-beans.xml]]
2016-08-31 12:34:02 INFO  SimpleJobLauncher:194 - No TaskExecutor has been set, defaulting to synchronous executor.
2016-08-31 12:34:02 INFO  SimpleJobLauncher:132 - Job: [FlowJob: [name=jsonToCsvBatchJob]] launched with the following parameters: [{outputPath=C:\Users\pratibha.ghorpade\FileConversion\file.cvs, outputHeaders=modified1,identifier,brand, outputFieldSeperator=,, inputPath=C:\Users\pratibha.ghorpade\FileConversion\file.json.formatted}]
2016-08-31 12:34:02 INFO  SimpleStepHandler:139 - Executing step: [jsonToCsvBatchStepId]
2016-08-31 12:34:02 ERROR AbstractStep:222 - Encountered an error executing step jsonToCsvBatchStepId in job jsonToCsvBatchJob
org.springframework.retry.ExhaustedRetryException: Retry exhausted after last attempt in recovery path, but exception is not skippable.; nested exception is org.springframework.beans.NotReadablePropertyException: Invalid property 'modified1' of bean class [DynamicJsonInVO]: Bean property 'modified1' is not readable or has an invalid getter method: Does the return type of the getter match the parameter type of the setter?
	at org.springframework.batch.core.step.item.FaultTolerantChunkProcessor$5.recover(FaultTolerantChunkProcessor.java:405)
	at org.springframework.retry.support.RetryTemplate.handleRetryExhausted(RetryTemplate.java:435)
	at org.springframework.retry.support.RetryTemplate.doExecute(RetryTemplate.java:304)
	at org.springframework.retry.support.RetryTemplate.execute(RetryTemplate.java:188)
	at org.springframework.batch.core.step.item.BatchRetryTemplate.execute(BatchRetryTemplate.java:217)
	at org.springframework.batch.core.step.item.FaultTolerantChunkProcessor.write(FaultTolerantChunkProcessor.java:422)
	at org.springframework.batch.core.step.item.SimpleChunkProcessor.process(SimpleChunkProcessor.java:199)
	at org.springframework.batch.core.step.item.ChunkOrientedTasklet.execute(ChunkOrientedTasklet.java:75)
	at org.springframework.batch.core.step.tasklet.TaskletStep$ChunkTransactionCallback.doInTransaction(TaskletStep.java:395)
	at org.springframework.transaction.support.TransactionTemplate.execute(TransactionTemplate.java:133)
	at org.springframework.batch.core.step.tasklet.TaskletStep$2.doInChunkContext(TaskletStep.java:267)
	at org.springframework.batch.core.scope.context.StepContextRepeatCallback.doInIteration(StepContextRepeatCallback.java:77)
	at org.springframework.batch.repeat.support.RepeatTemplate.getNextResult(RepeatTemplate.java:368)
	at org.springframework.batch.repeat.support.RepeatTemplate.executeInternal(RepeatTemplate.java:215)
	at org.springframework.batch.repeat.support.RepeatTemplate.iterate(RepeatTemplate.java:144)
	at org.springframework.batch.core.step.tasklet.TaskletStep.doExecute(TaskletStep.java:253)
	at org.springframework.batch.core.step.AbstractStep.execute(AbstractStep.java:195)
	at org.springframework.batch.core.job.SimpleStepHandler.handleStep(SimpleStepHandler.java:141)
	at org.springframework.batch.core.job.flow.JobFlowExecutor.executeStep(JobFlowExecutor.java:64)
	at org.springframework.batch.core.job.flow.support.state.StepState.handle(StepState.java:60)
	at org.springframework.batch.core.job.flow.support.SimpleFlow.resume(SimpleFlow.java:151)
	at org.springframework.batch.core.job.flow.support.SimpleFlow.start(SimpleFlow.java:130)
	at org.springframework.batch.core.job.flow.FlowJob.doExecute(FlowJob.java:135)
	at org.springframework.batch.core.job.AbstractJob.execute(AbstractJob.java:301)
	at org.springframework.batch.core.launch.support.SimpleJobLauncher$1.run(SimpleJobLauncher.java:134)
	at org.springframework.core.task.SyncTaskExecutor.execute(SyncTaskExecutor.java:50)
	at org.springframework.batch.core.launch.support.SimpleJobLauncher.run(SimpleJobLauncher.java:127)
	at org.springframework.batch.core.launch.support.CommandLineJobRunner.start(CommandLineJobRunner.java:351)
	at org.springframework.batch.core.launch.support.CommandLineJobRunner.main(CommandLineJobRunner.java:577)
	at JsonToCsvPage.actionPerformed(JsonToCsvPage.java:213)
	at javax.swing.AbstractButton.fireActionPerformed(AbstractButton.java:2022)
	at javax.swing.AbstractButton$Handler.actionPerformed(AbstractButton.java:2348)
	at javax.swing.DefaultButtonModel.fireActionPerformed(DefaultButtonModel.java:402)
	at javax.swing.DefaultButtonModel.setPressed(DefaultButtonModel.java:259)
	at javax.swing.plaf.basic.BasicButtonListener.mouseReleased(BasicButtonListener.java:252)
	at java.awt.Component.processMouseEvent(Component.java:6535)
	at javax.swing.JComponent.processMouseEvent(JComponent.java:3324)
	at java.awt.Component.processEvent(Component.java:6300)
	at java.awt.Container.processEvent(Container.java:2236)
	at java.awt.Component.dispatchEventImpl(Component.java:4891)
	at java.awt.Container.dispatchEventImpl(Container.java:2294)
	at java.awt.Component.dispatchEvent(Component.java:4713)
	at java.awt.LightweightDispatcher.retargetMouseEvent(Container.java:4888)
	at java.awt.LightweightDispatcher.processMouseEvent(Container.java:4525)
	at java.awt.LightweightDispatcher.dispatchEvent(Container.java:4466)
	at java.awt.Container.dispatchEventImpl(Container.java:2280)
	at java.awt.Window.dispatchEventImpl(Window.java:2750)
	at java.awt.Component.dispatchEvent(Component.java:4713)
	at java.awt.EventQueue.dispatchEventImpl(EventQueue.java:758)
	at java.awt.EventQueue.access$500(EventQueue.java:97)
	at java.awt.EventQueue$3.run(EventQueue.java:709)
	at java.awt.EventQueue$3.run(EventQueue.java:703)
	at java.security.AccessController.doPrivileged(Native Method)
	at java.security.ProtectionDomain$JavaSecurityAccessImpl.doIntersectionPrivilege(ProtectionDomain.java:76)
	at java.security.ProtectionDomain$JavaSecurityAccessImpl.doIntersectionPrivilege(ProtectionDomain.java:86)
	at java.awt.EventQueue$4.run(EventQueue.java:731)
	at java.awt.EventQueue$4.run(EventQueue.java:729)
	at java.security.AccessController.doPrivileged(Native Method)
	at java.security.ProtectionDomain$JavaSecurityAccessImpl.doIntersectionPrivilege(ProtectionDomain.java:76)
	at java.awt.EventQueue.dispatchEvent(EventQueue.java:728)
	at java.awt.EventDispatchThread.pumpOneEventForFilters(EventDispatchThread.java:201)
	at java.awt.EventDispatchThread.pumpEventsForFilter(EventDispatchThread.java:116)
	at java.awt.EventDispatchThread.pumpEventsForHierarchy(EventDispatchThread.java:105)
	at java.awt.EventDispatchThread.pumpEvents(EventDispatchThread.java:101)
	at java.awt.EventDispatchThread.pumpEvents(EventDispatchThread.java:93)
	at java.awt.EventDispatchThread.run(EventDispatchThread.java:82)
Caused by: org.springframework.beans.NotReadablePropertyException: Invalid property 'modified1' of bean class [DynamicJsonInVO]: Bean property 'modified1' is not readable or has an invalid getter method: Does the return type of the getter match the parameter type of the setter?
	at org.springframework.beans.BeanWrapperImpl.getPropertyValue(BeanWrapperImpl.java:723)
	at org.springframework.beans.BeanWrapperImpl.getPropertyValue(BeanWrapperImpl.java:714)
	at org.springframework.batch.item.file.transform.BeanWrapperFieldExtractor.extract(BeanWrapperFieldExtractor.java:57)
	at org.springframework.batch.item.file.transform.ExtractorLineAggregator.aggregate(ExtractorLineAggregator.java:54)
	at org.springframework.batch.item.file.FlatFileItemWriter.write(FlatFileItemWriter.java:267)
	at sun.reflect.NativeMethodAccessorImpl.invoke0(Native Method)
	at sun.reflect.NativeMethodAccessorImpl.invoke(NativeMethodAccessorImpl.java:62)
	at sun.reflect.DelegatingMethodAccessorImpl.invoke(DelegatingMethodAccessorImpl.java:43)
	at java.lang.reflect.Method.invoke(Method.java:498)
	at org.springframework.aop.support.AopUtils.invokeJoinpointUsingReflection(AopUtils.java:317)
	at org.springframework.aop.framework.ReflectiveMethodInvocation.invokeJoinpoint(ReflectiveMethodInvocation.java:190)
	at org.springframework.aop.framework.ReflectiveMethodInvocation.proceed(ReflectiveMethodInvocation.java:157)
	at org.springframework.aop.support.DelegatingIntroductionInterceptor.doProceed(DelegatingIntroductionInterceptor.java:133)
	at org.springframework.aop.support.DelegatingIntroductionInterceptor.invoke(DelegatingIntroductionInterceptor.java:121)
	at org.springframework.aop.framework.ReflectiveMethodInvocation.proceed(ReflectiveMethodInvocation.java:179)
	at org.springframework.aop.framework.JdkDynamicAopProxy.invoke(JdkDynamicAopProxy.java:207)
	at com.sun.proxy.$Proxy8.write(Unknown Source)
	at org.springframework.batch.core.step.item.SimpleChunkProcessor.writeItems(SimpleChunkProcessor.java:175)
	at org.springframework.batch.core.step.item.SimpleChunkProcessor.doWrite(SimpleChunkProcessor.java:151)
	at org.springframework.batch.core.step.item.FaultTolerantChunkProcessor$3.doWithRetry(FaultTolerantChunkProcessor.java:329)
	at org.springframework.retry.support.RetryTemplate.doExecute(RetryTemplate.java:255)
	... 63 more
2016-08-31 12:34:02 INFO  SimpleJobLauncher:135 - Job: [FlowJob: [name=jsonToCsvBatchJob]] completed with the following parameters: [{outputPath=C:\Users\pratibha.ghorpade\FileConversion\file.cvs, outputHeaders=modified1,identifier,brand, outputFieldSeperator=,, inputPath=C:\Users\pratibha.ghorpade\FileConversion\file.json.formatted}] and the following status: [FAILED]
2016-08-31 12:34:02 INFO  ClassPathXmlApplicationContext:873 - Closing org.springframework.context.support.ClassPathXmlApplicationContext@1ba34e0: startup date [Wed Aug 31 12:34:01 IST 2016]; root of context hierarchy
2016-08-31 12:35:36 INFO  DynamicJsonToCsvLineMapper:17 - in DynamicJsonToCsvLineMapper
2016-08-31 12:35:36 INFO  ClassPathXmlApplicationContext:513 - Refreshing org.springframework.context.support.ClassPathXmlApplicationContext@e69886: startup date [Wed Aug 31 12:35:36 IST 2016]; root of context hierarchy
2016-08-31 12:35:36 INFO  XmlBeanDefinitionReader:316 - Loading XML bean definitions from class path resource [applicationContext.xml]
2016-08-31 12:35:37 INFO  XmlBeanDefinitionReader:316 - Loading XML bean definitions from class path resource [jsontocsv-beans.xml]
2016-08-31 12:35:37 INFO  DefaultListableBeanFactory:746 - Overriding bean definition for bean 'jsonToCsvBatchJob': replacing [Generic bean: class [org.springframework.batch.core.configuration.xml.SimpleFlowFactoryBean]; scope=; abstract=false; lazyInit=false; autowireMode=0; dependencyCheck=0; autowireCandidate=true; primary=false; factoryBeanName=null; factoryMethodName=null; initMethodName=null; destroyMethodName=null] with [Generic bean: class [org.springframework.batch.core.configuration.xml.JobParserJobFactoryBean]; scope=; abstract=false; lazyInit=false; autowireMode=0; dependencyCheck=0; autowireCandidate=true; primary=false; factoryBeanName=null; factoryMethodName=null; initMethodName=null; destroyMethodName=null]
2016-08-31 12:35:37 INFO  PropertyPlaceholderConfigurer:172 - Loading properties file from class path resource [jsontocsv.properties]
2016-08-31 12:35:37 WARN  DefaultListableBeanFactory:739 - Overriding user-defined bean definition for bean 'jsonToCsvFlatFileItemReader with a framework-generated bean definition ': replacing [Generic bean: class [org.springframework.batch.item.file.FlatFileItemReader]; scope=step; abstract=false; lazyInit=false; autowireMode=0; dependencyCheck=0; autowireCandidate=false; primary=false; factoryBeanName=null; factoryMethodName=null; initMethodName=null; destroyMethodName=null; defined in class path resource [jsontocsv-beans.xml]] with [Root bean: class [org.springframework.aop.scope.ScopedProxyFactoryBean]; scope=; abstract=false; lazyInit=false; autowireMode=0; dependencyCheck=0; autowireCandidate=true; primary=false; factoryBeanName=null; factoryMethodName=null; initMethodName=null; destroyMethodName=null; defined in BeanDefinition defined in class path resource [jsontocsv-beans.xml]]
2016-08-31 12:35:37 WARN  DefaultListableBeanFactory:739 - Overriding user-defined bean definition for bean 'jsonToCsvFlatFileItemWriter with a framework-generated bean definition ': replacing [Generic bean: class [org.springframework.batch.item.file.FlatFileItemWriter]; scope=step; abstract=false; lazyInit=false; autowireMode=0; dependencyCheck=0; autowireCandidate=false; primary=false; factoryBeanName=null; factoryMethodName=null; initMethodName=null; destroyMethodName=null; defined in class path resource [jsontocsv-beans.xml]] with [Root bean: class [org.springframework.aop.scope.ScopedProxyFactoryBean]; scope=; abstract=false; lazyInit=false; autowireMode=0; dependencyCheck=0; autowireCandidate=true; primary=false; factoryBeanName=null; factoryMethodName=null; initMethodName=null; destroyMethodName=null; defined in BeanDefinition defined in class path resource [jsontocsv-beans.xml]]
2016-08-31 12:35:37 INFO  SimpleJobLauncher:194 - No TaskExecutor has been set, defaulting to synchronous executor.
2016-08-31 12:35:37 INFO  SimpleJobLauncher:132 - Job: [FlowJob: [name=jsonToCsvBatchJob]] launched with the following parameters: [{outputPath=C:\Users\pratibha.ghorpade\FileConversion\file.cvs, outputHeaders=modified1,identifier,brand, outputFieldSeperator=,, inputPath=C:\Users\pratibha.ghorpade\FileConversion\file.json.formatted}]
2016-08-31 12:35:37 INFO  SimpleStepHandler:139 - Executing step: [jsonToCsvBatchStepId]
2016-08-31 12:35:37 INFO  SimpleJobLauncher:135 - Job: [FlowJob: [name=jsonToCsvBatchJob]] completed with the following parameters: [{outputPath=C:\Users\pratibha.ghorpade\FileConversion\file.cvs, outputHeaders=modified1,identifier,brand, outputFieldSeperator=,, inputPath=C:\Users\pratibha.ghorpade\FileConversion\file.json.formatted}] and the following status: [COMPLETED]
2016-08-31 12:35:37 INFO  ClassPathXmlApplicationContext:873 - Closing org.springframework.context.support.ClassPathXmlApplicationContext@e69886: startup date [Wed Aug 31 12:35:36 IST 2016]; root of context hierarchy
2016-08-31 12:36:33 INFO  DynamicJsonToCsvLineMapper:17 - in DynamicJsonToCsvLineMapper
2016-08-31 12:36:34 INFO  ClassPathXmlApplicationContext:513 - Refreshing org.springframework.context.support.ClassPathXmlApplicationContext@e5d899: startup date [Wed Aug 31 12:36:34 IST 2016]; root of context hierarchy
2016-08-31 12:36:34 INFO  XmlBeanDefinitionReader:316 - Loading XML bean definitions from class path resource [applicationContext.xml]
2016-08-31 12:36:34 INFO  XmlBeanDefinitionReader:316 - Loading XML bean definitions from class path resource [jsontocsv-beans.xml]
2016-08-31 12:36:34 INFO  DefaultListableBeanFactory:746 - Overriding bean definition for bean 'jsonToCsvBatchJob': replacing [Generic bean: class [org.springframework.batch.core.configuration.xml.SimpleFlowFactoryBean]; scope=; abstract=false; lazyInit=false; autowireMode=0; dependencyCheck=0; autowireCandidate=true; primary=false; factoryBeanName=null; factoryMethodName=null; initMethodName=null; destroyMethodName=null] with [Generic bean: class [org.springframework.batch.core.configuration.xml.JobParserJobFactoryBean]; scope=; abstract=false; lazyInit=false; autowireMode=0; dependencyCheck=0; autowireCandidate=true; primary=false; factoryBeanName=null; factoryMethodName=null; initMethodName=null; destroyMethodName=null]
2016-08-31 12:36:34 INFO  PropertyPlaceholderConfigurer:172 - Loading properties file from class path resource [jsontocsv.properties]
2016-08-31 12:36:34 WARN  DefaultListableBeanFactory:739 - Overriding user-defined bean definition for bean 'jsonToCsvFlatFileItemReader with a framework-generated bean definition ': replacing [Generic bean: class [org.springframework.batch.item.file.FlatFileItemReader]; scope=step; abstract=false; lazyInit=false; autowireMode=0; dependencyCheck=0; autowireCandidate=false; primary=false; factoryBeanName=null; factoryMethodName=null; initMethodName=null; destroyMethodName=null; defined in class path resource [jsontocsv-beans.xml]] with [Root bean: class [org.springframework.aop.scope.ScopedProxyFactoryBean]; scope=; abstract=false; lazyInit=false; autowireMode=0; dependencyCheck=0; autowireCandidate=true; primary=false; factoryBeanName=null; factoryMethodName=null; initMethodName=null; destroyMethodName=null; defined in BeanDefinition defined in class path resource [jsontocsv-beans.xml]]
2016-08-31 12:36:34 WARN  DefaultListableBeanFactory:739 - Overriding user-defined bean definition for bean 'jsonToCsvFlatFileItemWriter with a framework-generated bean definition ': replacing [Generic bean: class [org.springframework.batch.item.file.FlatFileItemWriter]; scope=step; abstract=false; lazyInit=false; autowireMode=0; dependencyCheck=0; autowireCandidate=false; primary=false; factoryBeanName=null; factoryMethodName=null; initMethodName=null; destroyMethodName=null; defined in class path resource [jsontocsv-beans.xml]] with [Root bean: class [org.springframework.aop.scope.ScopedProxyFactoryBean]; scope=; abstract=false; lazyInit=false; autowireMode=0; dependencyCheck=0; autowireCandidate=true; primary=false; factoryBeanName=null; factoryMethodName=null; initMethodName=null; destroyMethodName=null; defined in BeanDefinition defined in class path resource [jsontocsv-beans.xml]]
2016-08-31 12:36:34 INFO  SimpleJobLauncher:194 - No TaskExecutor has been set, defaulting to synchronous executor.
2016-08-31 12:36:34 INFO  SimpleJobLauncher:132 - Job: [FlowJob: [name=jsonToCsvBatchJob]] launched with the following parameters: [{outputPath=C:\Users\pratibha.ghorpade\FileConversion\file.txt, outputHeaders=modified1,identifier,brand, outputFieldSeperator=,, inputPath=C:\Users\pratibha.ghorpade\FileConversion\file.json.formatted}]
2016-08-31 12:36:34 INFO  SimpleStepHandler:139 - Executing step: [jsonToCsvBatchStepId]
2016-08-31 12:36:35 INFO  SimpleJobLauncher:135 - Job: [FlowJob: [name=jsonToCsvBatchJob]] completed with the following parameters: [{outputPath=C:\Users\pratibha.ghorpade\FileConversion\file.txt, outputHeaders=modified1,identifier,brand, outputFieldSeperator=,, inputPath=C:\Users\pratibha.ghorpade\FileConversion\file.json.formatted}] and the following status: [COMPLETED]
2016-08-31 12:36:35 INFO  ClassPathXmlApplicationContext:873 - Closing org.springframework.context.support.ClassPathXmlApplicationContext@e5d899: startup date [Wed Aug 31 12:36:34 IST 2016]; root of context hierarchy
2016-08-31 12:39:30 INFO  DynamicJsonToCsvLineMapper:17 - in DynamicJsonToCsvLineMapper
2016-08-31 12:39:31 INFO  ClassPathXmlApplicationContext:513 - Refreshing org.springframework.context.support.ClassPathXmlApplicationContext@70ad30: startup date [Wed Aug 31 12:39:31 IST 2016]; root of context hierarchy
2016-08-31 12:39:31 INFO  XmlBeanDefinitionReader:316 - Loading XML bean definitions from class path resource [applicationContext.xml]
2016-08-31 12:39:31 INFO  XmlBeanDefinitionReader:316 - Loading XML bean definitions from class path resource [jsontocsv-beans.xml]
2016-08-31 12:39:31 INFO  DefaultListableBeanFactory:746 - Overriding bean definition for bean 'jsonToCsvBatchJob': replacing [Generic bean: class [org.springframework.batch.core.configuration.xml.SimpleFlowFactoryBean]; scope=; abstract=false; lazyInit=false; autowireMode=0; dependencyCheck=0; autowireCandidate=true; primary=false; factoryBeanName=null; factoryMethodName=null; initMethodName=null; destroyMethodName=null] with [Generic bean: class [org.springframework.batch.core.configuration.xml.JobParserJobFactoryBean]; scope=; abstract=false; lazyInit=false; autowireMode=0; dependencyCheck=0; autowireCandidate=true; primary=false; factoryBeanName=null; factoryMethodName=null; initMethodName=null; destroyMethodName=null]
2016-08-31 12:39:31 INFO  PropertyPlaceholderConfigurer:172 - Loading properties file from class path resource [jsontocsv.properties]
2016-08-31 12:39:31 WARN  DefaultListableBeanFactory:739 - Overriding user-defined bean definition for bean 'jsonToCsvFlatFileItemReader with a framework-generated bean definition ': replacing [Generic bean: class [org.springframework.batch.item.file.FlatFileItemReader]; scope=step; abstract=false; lazyInit=false; autowireMode=0; dependencyCheck=0; autowireCandidate=false; primary=false; factoryBeanName=null; factoryMethodName=null; initMethodName=null; destroyMethodName=null; defined in class path resource [jsontocsv-beans.xml]] with [Root bean: class [org.springframework.aop.scope.ScopedProxyFactoryBean]; scope=; abstract=false; lazyInit=false; autowireMode=0; dependencyCheck=0; autowireCandidate=true; primary=false; factoryBeanName=null; factoryMethodName=null; initMethodName=null; destroyMethodName=null; defined in BeanDefinition defined in class path resource [jsontocsv-beans.xml]]
2016-08-31 12:39:31 WARN  DefaultListableBeanFactory:739 - Overriding user-defined bean definition for bean 'jsonToCsvFlatFileItemWriter with a framework-generated bean definition ': replacing [Generic bean: class [org.springframework.batch.item.file.FlatFileItemWriter]; scope=step; abstract=false; lazyInit=false; autowireMode=0; dependencyCheck=0; autowireCandidate=false; primary=false; factoryBeanName=null; factoryMethodName=null; initMethodName=null; destroyMethodName=null; defined in class path resource [jsontocsv-beans.xml]] with [Root bean: class [org.springframework.aop.scope.ScopedProxyFactoryBean]; scope=; abstract=false; lazyInit=false; autowireMode=0; dependencyCheck=0; autowireCandidate=true; primary=false; factoryBeanName=null; factoryMethodName=null; initMethodName=null; destroyMethodName=null; defined in BeanDefinition defined in class path resource [jsontocsv-beans.xml]]
2016-08-31 12:39:31 INFO  SimpleJobLauncher:194 - No TaskExecutor has been set, defaulting to synchronous executor.
2016-08-31 12:39:31 INFO  SimpleJobLauncher:132 - Job: [FlowJob: [name=jsonToCsvBatchJob]] launched with the following parameters: [{outputPath=C:\Users\pratibha.ghorpade\FileConversion\file.txt, outputHeaders=modified1,identifier1,brandNew,test, outputFieldSeperator=,, inputPath=C:\Users\pratibha.ghorpade\FileConversion\file.json.formatted}]
2016-08-31 12:39:31 INFO  SimpleStepHandler:139 - Executing step: [jsonToCsvBatchStepId]
2016-08-31 12:39:32 INFO  SimpleJobLauncher:135 - Job: [FlowJob: [name=jsonToCsvBatchJob]] completed with the following parameters: [{outputPath=C:\Users\pratibha.ghorpade\FileConversion\file.txt, outputHeaders=modified1,identifier1,brandNew,test, outputFieldSeperator=,, inputPath=C:\Users\pratibha.ghorpade\FileConversion\file.json.formatted}] and the following status: [COMPLETED]
2016-08-31 12:39:32 INFO  ClassPathXmlApplicationContext:873 - Closing org.springframework.context.support.ClassPathXmlApplicationContext@70ad30: startup date [Wed Aug 31 12:39:31 IST 2016]; root of context hierarchy
2016-08-31 12:43:23 INFO  DynamicJsonToCsvLineMapper:17 - in DynamicJsonToCsvLineMapper
2016-08-31 12:43:24 INFO  ClassPathXmlApplicationContext:513 - Refreshing org.springframework.context.support.ClassPathXmlApplicationContext@1b00372: startup date [Wed Aug 31 12:43:24 IST 2016]; root of context hierarchy
2016-08-31 12:43:24 INFO  XmlBeanDefinitionReader:316 - Loading XML bean definitions from class path resource [applicationContext.xml]
2016-08-31 12:43:24 INFO  XmlBeanDefinitionReader:316 - Loading XML bean definitions from class path resource [jsontocsv-beans.xml]
2016-08-31 12:43:24 INFO  DefaultListableBeanFactory:746 - Overriding bean definition for bean 'jsonToCsvBatchJob': replacing [Generic bean: class [org.springframework.batch.core.configuration.xml.SimpleFlowFactoryBean]; scope=; abstract=false; lazyInit=false; autowireMode=0; dependencyCheck=0; autowireCandidate=true; primary=false; factoryBeanName=null; factoryMethodName=null; initMethodName=null; destroyMethodName=null] with [Generic bean: class [org.springframework.batch.core.configuration.xml.JobParserJobFactoryBean]; scope=; abstract=false; lazyInit=false; autowireMode=0; dependencyCheck=0; autowireCandidate=true; primary=false; factoryBeanName=null; factoryMethodName=null; initMethodName=null; destroyMethodName=null]
2016-08-31 12:43:24 INFO  PropertyPlaceholderConfigurer:172 - Loading properties file from class path resource [jsontocsv.properties]
2016-08-31 12:43:24 WARN  DefaultListableBeanFactory:739 - Overriding user-defined bean definition for bean 'jsonToCsvFlatFileItemReader with a framework-generated bean definition ': replacing [Generic bean: class [org.springframework.batch.item.file.FlatFileItemReader]; scope=step; abstract=false; lazyInit=false; autowireMode=0; dependencyCheck=0; autowireCandidate=false; primary=false; factoryBeanName=null; factoryMethodName=null; initMethodName=null; destroyMethodName=null; defined in class path resource [jsontocsv-beans.xml]] with [Root bean: class [org.springframework.aop.scope.ScopedProxyFactoryBean]; scope=; abstract=false; lazyInit=false; autowireMode=0; dependencyCheck=0; autowireCandidate=true; primary=false; factoryBeanName=null; factoryMethodName=null; initMethodName=null; destroyMethodName=null; defined in BeanDefinition defined in class path resource [jsontocsv-beans.xml]]
2016-08-31 12:43:24 WARN  DefaultListableBeanFactory:739 - Overriding user-defined bean definition for bean 'jsonToCsvFlatFileItemWriter with a framework-generated bean definition ': replacing [Generic bean: class [org.springframework.batch.item.file.FlatFileItemWriter]; scope=step; abstract=false; lazyInit=false; autowireMode=0; dependencyCheck=0; autowireCandidate=false; primary=false; factoryBeanName=null; factoryMethodName=null; initMethodName=null; destroyMethodName=null; defined in class path resource [jsontocsv-beans.xml]] with [Root bean: class [org.springframework.aop.scope.ScopedProxyFactoryBean]; scope=; abstract=false; lazyInit=false; autowireMode=0; dependencyCheck=0; autowireCandidate=true; primary=false; factoryBeanName=null; factoryMethodName=null; initMethodName=null; destroyMethodName=null; defined in BeanDefinition defined in class path resource [jsontocsv-beans.xml]]
2016-08-31 12:43:25 INFO  SimpleJobLauncher:194 - No TaskExecutor has been set, defaulting to synchronous executor.
2016-08-31 12:43:25 INFO  SimpleJobLauncher:132 - Job: [FlowJob: [name=jsonToCsvBatchJob]] launched with the following parameters: [{outputPath=C:\Users\pratibha.ghorpade\FileConversion\file.txt, outputHeaders=modified1,identifier1,brandNew,test, outputFieldSeperator=,, inputPath=C:\Users\pratibha.ghorpade\FileConversion\file.json.formatted}]
2016-08-31 12:43:25 INFO  SimpleStepHandler:139 - Executing step: [jsonToCsvBatchStepId]
2016-08-31 12:43:25 INFO  SimpleJobLauncher:135 - Job: [FlowJob: [name=jsonToCsvBatchJob]] completed with the following parameters: [{outputPath=C:\Users\pratibha.ghorpade\FileConversion\file.txt, outputHeaders=modified1,identifier1,brandNew,test, outputFieldSeperator=,, inputPath=C:\Users\pratibha.ghorpade\FileConversion\file.json.formatted}] and the following status: [COMPLETED]
2016-08-31 12:43:25 INFO  ClassPathXmlApplicationContext:873 - Closing org.springframework.context.support.ClassPathXmlApplicationContext@1b00372: startup date [Wed Aug 31 12:43:24 IST 2016]; root of context hierarchy
2016-08-31 12:45:49 INFO  DynamicJsonToCsvLineMapper:17 - in DynamicJsonToCsvLineMapper
2016-08-31 12:45:50 INFO  ClassPathXmlApplicationContext:513 - Refreshing org.springframework.context.support.ClassPathXmlApplicationContext@e90165: startup date [Wed Aug 31 12:45:50 IST 2016]; root of context hierarchy
2016-08-31 12:45:50 INFO  XmlBeanDefinitionReader:316 - Loading XML bean definitions from class path resource [applicationContext.xml]
2016-08-31 12:45:50 INFO  XmlBeanDefinitionReader:316 - Loading XML bean definitions from class path resource [jsontocsv-beans.xml]
2016-08-31 12:45:50 INFO  DefaultListableBeanFactory:746 - Overriding bean definition for bean 'jsonToCsvBatchJob': replacing [Generic bean: class [org.springframework.batch.core.configuration.xml.SimpleFlowFactoryBean]; scope=; abstract=false; lazyInit=false; autowireMode=0; dependencyCheck=0; autowireCandidate=true; primary=false; factoryBeanName=null; factoryMethodName=null; initMethodName=null; destroyMethodName=null] with [Generic bean: class [org.springframework.batch.core.configuration.xml.JobParserJobFactoryBean]; scope=; abstract=false; lazyInit=false; autowireMode=0; dependencyCheck=0; autowireCandidate=true; primary=false; factoryBeanName=null; factoryMethodName=null; initMethodName=null; destroyMethodName=null]
2016-08-31 12:45:50 INFO  PropertyPlaceholderConfigurer:172 - Loading properties file from class path resource [jsontocsv.properties]
2016-08-31 12:45:50 WARN  DefaultListableBeanFactory:739 - Overriding user-defined bean definition for bean 'jsonToCsvFlatFileItemReader with a framework-generated bean definition ': replacing [Generic bean: class [org.springframework.batch.item.file.FlatFileItemReader]; scope=step; abstract=false; lazyInit=false; autowireMode=0; dependencyCheck=0; autowireCandidate=false; primary=false; factoryBeanName=null; factoryMethodName=null; initMethodName=null; destroyMethodName=null; defined in class path resource [jsontocsv-beans.xml]] with [Root bean: class [org.springframework.aop.scope.ScopedProxyFactoryBean]; scope=; abstract=false; lazyInit=false; autowireMode=0; dependencyCheck=0; autowireCandidate=true; primary=false; factoryBeanName=null; factoryMethodName=null; initMethodName=null; destroyMethodName=null; defined in BeanDefinition defined in class path resource [jsontocsv-beans.xml]]
2016-08-31 12:45:50 WARN  DefaultListableBeanFactory:739 - Overriding user-defined bean definition for bean 'jsonToCsvFlatFileItemWriter with a framework-generated bean definition ': replacing [Generic bean: class [org.springframework.batch.item.file.FlatFileItemWriter]; scope=step; abstract=false; lazyInit=false; autowireMode=0; dependencyCheck=0; autowireCandidate=false; primary=false; factoryBeanName=null; factoryMethodName=null; initMethodName=null; destroyMethodName=null; defined in class path resource [jsontocsv-beans.xml]] with [Root bean: class [org.springframework.aop.scope.ScopedProxyFactoryBean]; scope=; abstract=false; lazyInit=false; autowireMode=0; dependencyCheck=0; autowireCandidate=true; primary=false; factoryBeanName=null; factoryMethodName=null; initMethodName=null; destroyMethodName=null; defined in BeanDefinition defined in class path resource [jsontocsv-beans.xml]]
2016-08-31 12:45:50 INFO  SimpleJobLauncher:194 - No TaskExecutor has been set, defaulting to synchronous executor.
2016-08-31 12:45:50 INFO  SimpleJobLauncher:132 - Job: [FlowJob: [name=jsonToCsvBatchJob]] launched with the following parameters: [{outputPath=C:\Users\pratibha.ghorpade\FileConversion\file.txt, outputHeaders=modified1,identifier1,brandNew,Pratitest,newcol, outputFieldSeperator=,, inputPath=C:\Users\pratibha.ghorpade\FileConversion\file1.json.formatted}]
2016-08-31 12:45:50 INFO  SimpleStepHandler:139 - Executing step: [jsonToCsvBatchStepId]
2016-08-31 12:45:50 INFO  SimpleJobLauncher:135 - Job: [FlowJob: [name=jsonToCsvBatchJob]] completed with the following parameters: [{outputPath=C:\Users\pratibha.ghorpade\FileConversion\file.txt, outputHeaders=modified1,identifier1,brandNew,Pratitest,newcol, outputFieldSeperator=,, inputPath=C:\Users\pratibha.ghorpade\FileConversion\file1.json.formatted}] and the following status: [COMPLETED]
2016-08-31 12:45:50 INFO  ClassPathXmlApplicationContext:873 - Closing org.springframework.context.support.ClassPathXmlApplicationContext@e90165: startup date [Wed Aug 31 12:45:50 IST 2016]; root of context hierarchy
2016-08-31 12:47:27 INFO  DynamicJsonToCsvLineMapper:17 - in DynamicJsonToCsvLineMapper
2016-08-31 12:48:29 INFO  DynamicJsonToCsvLineMapper:17 - in DynamicJsonToCsvLineMapper
2016-08-31 12:48:30 INFO  ClassPathXmlApplicationContext:513 - Refreshing org.springframework.context.support.ClassPathXmlApplicationContext@d6e1b7: startup date [Wed Aug 31 12:48:30 IST 2016]; root of context hierarchy
2016-08-31 12:48:30 INFO  XmlBeanDefinitionReader:316 - Loading XML bean definitions from class path resource [applicationContext.xml]
2016-08-31 12:48:30 INFO  XmlBeanDefinitionReader:316 - Loading XML bean definitions from class path resource [jsontocsv-beans.xml]
2016-08-31 12:48:30 INFO  DefaultListableBeanFactory:746 - Overriding bean definition for bean 'jsonToCsvBatchJob': replacing [Generic bean: class [org.springframework.batch.core.configuration.xml.SimpleFlowFactoryBean]; scope=; abstract=false; lazyInit=false; autowireMode=0; dependencyCheck=0; autowireCandidate=true; primary=false; factoryBeanName=null; factoryMethodName=null; initMethodName=null; destroyMethodName=null] with [Generic bean: class [org.springframework.batch.core.configuration.xml.JobParserJobFactoryBean]; scope=; abstract=false; lazyInit=false; autowireMode=0; dependencyCheck=0; autowireCandidate=true; primary=false; factoryBeanName=null; factoryMethodName=null; initMethodName=null; destroyMethodName=null]
2016-08-31 12:48:30 INFO  PropertyPlaceholderConfigurer:172 - Loading properties file from class path resource [jsontocsv.properties]
2016-08-31 12:48:30 WARN  DefaultListableBeanFactory:739 - Overriding user-defined bean definition for bean 'jsonToCsvFlatFileItemReader with a framework-generated bean definition ': replacing [Generic bean: class [org.springframework.batch.item.file.FlatFileItemReader]; scope=step; abstract=false; lazyInit=false; autowireMode=0; dependencyCheck=0; autowireCandidate=false; primary=false; factoryBeanName=null; factoryMethodName=null; initMethodName=null; destroyMethodName=null; defined in class path resource [jsontocsv-beans.xml]] with [Root bean: class [org.springframework.aop.scope.ScopedProxyFactoryBean]; scope=; abstract=false; lazyInit=false; autowireMode=0; dependencyCheck=0; autowireCandidate=true; primary=false; factoryBeanName=null; factoryMethodName=null; initMethodName=null; destroyMethodName=null; defined in BeanDefinition defined in class path resource [jsontocsv-beans.xml]]
2016-08-31 12:48:30 WARN  DefaultListableBeanFactory:739 - Overriding user-defined bean definition for bean 'jsonToCsvFlatFileItemWriter with a framework-generated bean definition ': replacing [Generic bean: class [org.springframework.batch.item.file.FlatFileItemWriter]; scope=step; abstract=false; lazyInit=false; autowireMode=0; dependencyCheck=0; autowireCandidate=false; primary=false; factoryBeanName=null; factoryMethodName=null; initMethodName=null; destroyMethodName=null; defined in class path resource [jsontocsv-beans.xml]] with [Root bean: class [org.springframework.aop.scope.ScopedProxyFactoryBean]; scope=; abstract=false; lazyInit=false; autowireMode=0; dependencyCheck=0; autowireCandidate=true; primary=false; factoryBeanName=null; factoryMethodName=null; initMethodName=null; destroyMethodName=null; defined in BeanDefinition defined in class path resource [jsontocsv-beans.xml]]
2016-08-31 12:48:31 INFO  SimpleJobLauncher:194 - No TaskExecutor has been set, defaulting to synchronous executor.
2016-08-31 12:48:31 INFO  SimpleJobLauncher:132 - Job: [FlowJob: [name=jsonToCsvBatchJob]] launched with the following parameters: [{outputPath=C:\Users\pratibha.ghorpade\FileConversion\file.txt, outputHeaders=modified1,identifier1,brandNew,test, outputFieldSeperator=,, inputPath=C:\Users\pratibha.ghorpade\FileConversion\file.json.formatted}]
2016-08-31 12:48:31 INFO  SimpleStepHandler:139 - Executing step: [jsonToCsvBatchStepId]
2016-08-31 12:48:31 INFO  SimpleJobLauncher:135 - Job: [FlowJob: [name=jsonToCsvBatchJob]] completed with the following parameters: [{outputPath=C:\Users\pratibha.ghorpade\FileConversion\file.txt, outputHeaders=modified1,identifier1,brandNew,test, outputFieldSeperator=,, inputPath=C:\Users\pratibha.ghorpade\FileConversion\file.json.formatted}] and the following status: [COMPLETED]
2016-08-31 12:48:31 INFO  ClassPathXmlApplicationContext:873 - Closing org.springframework.context.support.ClassPathXmlApplicationContext@d6e1b7: startup date [Wed Aug 31 12:48:30 IST 2016]; root of context hierarchy
2016-08-31 12:49:38 INFO  DynamicJsonToCsvLineMapper:17 - in DynamicJsonToCsvLineMapper
2016-08-31 12:49:38 INFO  ClassPathXmlApplicationContext:513 - Refreshing org.springframework.context.support.ClassPathXmlApplicationContext@1620311: startup date [Wed Aug 31 12:49:38 IST 2016]; root of context hierarchy
2016-08-31 12:49:39 INFO  XmlBeanDefinitionReader:316 - Loading XML bean definitions from class path resource [applicationContext.xml]
2016-08-31 12:49:39 INFO  XmlBeanDefinitionReader:316 - Loading XML bean definitions from class path resource [jsontocsv-beans.xml]
2016-08-31 12:49:39 INFO  DefaultListableBeanFactory:746 - Overriding bean definition for bean 'jsonToCsvBatchJob': replacing [Generic bean: class [org.springframework.batch.core.configuration.xml.SimpleFlowFactoryBean]; scope=; abstract=false; lazyInit=false; autowireMode=0; dependencyCheck=0; autowireCandidate=true; primary=false; factoryBeanName=null; factoryMethodName=null; initMethodName=null; destroyMethodName=null] with [Generic bean: class [org.springframework.batch.core.configuration.xml.JobParserJobFactoryBean]; scope=; abstract=false; lazyInit=false; autowireMode=0; dependencyCheck=0; autowireCandidate=true; primary=false; factoryBeanName=null; factoryMethodName=null; initMethodName=null; destroyMethodName=null]
2016-08-31 12:49:39 INFO  PropertyPlaceholderConfigurer:172 - Loading properties file from class path resource [jsontocsv.properties]
2016-08-31 12:49:39 WARN  DefaultListableBeanFactory:739 - Overriding user-defined bean definition for bean 'jsonToCsvFlatFileItemReader with a framework-generated bean definition ': replacing [Generic bean: class [org.springframework.batch.item.file.FlatFileItemReader]; scope=step; abstract=false; lazyInit=false; autowireMode=0; dependencyCheck=0; autowireCandidate=false; primary=false; factoryBeanName=null; factoryMethodName=null; initMethodName=null; destroyMethodName=null; defined in class path resource [jsontocsv-beans.xml]] with [Root bean: class [org.springframework.aop.scope.ScopedProxyFactoryBean]; scope=; abstract=false; lazyInit=false; autowireMode=0; dependencyCheck=0; autowireCandidate=true; primary=false; factoryBeanName=null; factoryMethodName=null; initMethodName=null; destroyMethodName=null; defined in BeanDefinition defined in class path resource [jsontocsv-beans.xml]]
2016-08-31 12:49:39 WARN  DefaultListableBeanFactory:739 - Overriding user-defined bean definition for bean 'jsonToCsvFlatFileItemWriter with a framework-generated bean definition ': replacing [Generic bean: class [org.springframework.batch.item.file.FlatFileItemWriter]; scope=step; abstract=false; lazyInit=false; autowireMode=0; dependencyCheck=0; autowireCandidate=false; primary=false; factoryBeanName=null; factoryMethodName=null; initMethodName=null; destroyMethodName=null; defined in class path resource [jsontocsv-beans.xml]] with [Root bean: class [org.springframework.aop.scope.ScopedProxyFactoryBean]; scope=; abstract=false; lazyInit=false; autowireMode=0; dependencyCheck=0; autowireCandidate=true; primary=false; factoryBeanName=null; factoryMethodName=null; initMethodName=null; destroyMethodName=null; defined in BeanDefinition defined in class path resource [jsontocsv-beans.xml]]
2016-08-31 12:49:39 INFO  SimpleJobLauncher:194 - No TaskExecutor has been set, defaulting to synchronous executor.
2016-08-31 12:49:39 INFO  SimpleJobLauncher:132 - Job: [FlowJob: [name=jsonToCsvBatchJob]] launched with the following parameters: [{outputPath=C:\Users\pratibha.ghorpade\FileConversion\file.txt, outputHeaders=modified1,identifier1,brandNew,test, outputFieldSeperator=,, inputPath=C:\Users\pratibha.ghorpade\FileConversion\file.json.formatted}]
2016-08-31 12:49:39 INFO  SimpleStepHandler:139 - Executing step: [jsonToCsvBatchStepId]
2016-08-31 12:49:39 INFO  SimpleJobLauncher:135 - Job: [FlowJob: [name=jsonToCsvBatchJob]] completed with the following parameters: [{outputPath=C:\Users\pratibha.ghorpade\FileConversion\file.txt, outputHeaders=modified1,identifier1,brandNew,test, outputFieldSeperator=,, inputPath=C:\Users\pratibha.ghorpade\FileConversion\file.json.formatted}] and the following status: [COMPLETED]
2016-08-31 12:49:39 INFO  ClassPathXmlApplicationContext:873 - Closing org.springframework.context.support.ClassPathXmlApplicationContext@1620311: startup date [Wed Aug 31 12:49:38 IST 2016]; root of context hierarchy
2016-08-31 12:52:05 INFO  DynamicJsonToCsvLineMapper:17 - in DynamicJsonToCsvLineMapper
2016-08-31 12:52:06 INFO  ClassPathXmlApplicationContext:513 - Refreshing org.springframework.context.support.ClassPathXmlApplicationContext@1b00372: startup date [Wed Aug 31 12:52:06 IST 2016]; root of context hierarchy
2016-08-31 12:52:06 INFO  XmlBeanDefinitionReader:316 - Loading XML bean definitions from class path resource [applicationContext.xml]
2016-08-31 12:52:06 INFO  XmlBeanDefinitionReader:316 - Loading XML bean definitions from class path resource [jsontocsv-beans.xml]
2016-08-31 12:52:06 INFO  DefaultListableBeanFactory:746 - Overriding bean definition for bean 'jsonToCsvBatchJob': replacing [Generic bean: class [org.springframework.batch.core.configuration.xml.SimpleFlowFactoryBean]; scope=; abstract=false; lazyInit=false; autowireMode=0; dependencyCheck=0; autowireCandidate=true; primary=false; factoryBeanName=null; factoryMethodName=null; initMethodName=null; destroyMethodName=null] with [Generic bean: class [org.springframework.batch.core.configuration.xml.JobParserJobFactoryBean]; scope=; abstract=false; lazyInit=false; autowireMode=0; dependencyCheck=0; autowireCandidate=true; primary=false; factoryBeanName=null; factoryMethodName=null; initMethodName=null; destroyMethodName=null]
2016-08-31 12:52:06 INFO  PropertyPlaceholderConfigurer:172 - Loading properties file from class path resource [jsontocsv.properties]
2016-08-31 12:52:06 WARN  DefaultListableBeanFactory:739 - Overriding user-defined bean definition for bean 'jsonToCsvFlatFileItemReader with a framework-generated bean definition ': replacing [Generic bean: class [org.springframework.batch.item.file.FlatFileItemReader]; scope=step; abstract=false; lazyInit=false; autowireMode=0; dependencyCheck=0; autowireCandidate=false; primary=false; factoryBeanName=null; factoryMethodName=null; initMethodName=null; destroyMethodName=null; defined in class path resource [jsontocsv-beans.xml]] with [Root bean: class [org.springframework.aop.scope.ScopedProxyFactoryBean]; scope=; abstract=false; lazyInit=false; autowireMode=0; dependencyCheck=0; autowireCandidate=true; primary=false; factoryBeanName=null; factoryMethodName=null; initMethodName=null; destroyMethodName=null; defined in BeanDefinition defined in class path resource [jsontocsv-beans.xml]]
2016-08-31 12:52:06 WARN  DefaultListableBeanFactory:739 - Overriding user-defined bean definition for bean 'jsonToCsvFlatFileItemWriter with a framework-generated bean definition ': replacing [Generic bean: class [org.springframework.batch.item.file.FlatFileItemWriter]; scope=step; abstract=false; lazyInit=false; autowireMode=0; dependencyCheck=0; autowireCandidate=false; primary=false; factoryBeanName=null; factoryMethodName=null; initMethodName=null; destroyMethodName=null; defined in class path resource [jsontocsv-beans.xml]] with [Root bean: class [org.springframework.aop.scope.ScopedProxyFactoryBean]; scope=; abstract=false; lazyInit=false; autowireMode=0; dependencyCheck=0; autowireCandidate=true; primary=false; factoryBeanName=null; factoryMethodName=null; initMethodName=null; destroyMethodName=null; defined in BeanDefinition defined in class path resource [jsontocsv-beans.xml]]
2016-08-31 12:52:06 INFO  SimpleJobLauncher:194 - No TaskExecutor has been set, defaulting to synchronous executor.
2016-08-31 12:52:06 INFO  SimpleJobLauncher:132 - Job: [FlowJob: [name=jsonToCsvBatchJob]] launched with the following parameters: [{outputPath=C:\Users\pratibha.ghorpade\FileConversion\file.txt, outputHeaders=modi,id,br,test, outputFieldSeperator=;, inputPath=C:\Users\pratibha.ghorpade\FileConversion\file2.json.formatted}]
2016-08-31 12:52:06 INFO  SimpleStepHandler:139 - Executing step: [jsonToCsvBatchStepId]
2016-08-31 12:52:06 INFO  SimpleJobLauncher:135 - Job: [FlowJob: [name=jsonToCsvBatchJob]] completed with the following parameters: [{outputPath=C:\Users\pratibha.ghorpade\FileConversion\file.txt, outputHeaders=modi,id,br,test, outputFieldSeperator=;, inputPath=C:\Users\pratibha.ghorpade\FileConversion\file2.json.formatted}] and the following status: [COMPLETED]
2016-08-31 12:52:06 INFO  ClassPathXmlApplicationContext:873 - Closing org.springframework.context.support.ClassPathXmlApplicationContext@1b00372: startup date [Wed Aug 31 12:52:06 IST 2016]; root of context hierarchy
2016-08-31 12:54:50 INFO  DynamicJsonToCsvLineMapper:17 - in DynamicJsonToCsvLineMapper
2016-08-31 12:54:50 INFO  ClassPathXmlApplicationContext:513 - Refreshing org.springframework.context.support.ClassPathXmlApplicationContext@1620311: startup date [Wed Aug 31 12:54:50 IST 2016]; root of context hierarchy
2016-08-31 12:54:50 INFO  XmlBeanDefinitionReader:316 - Loading XML bean definitions from class path resource [applicationContext.xml]
2016-08-31 12:54:50 INFO  XmlBeanDefinitionReader:316 - Loading XML bean definitions from class path resource [jsontocsv-beans.xml]
2016-08-31 12:54:51 INFO  DefaultListableBeanFactory:746 - Overriding bean definition for bean 'jsonToCsvBatchJob': replacing [Generic bean: class [org.springframework.batch.core.configuration.xml.SimpleFlowFactoryBean]; scope=; abstract=false; lazyInit=false; autowireMode=0; dependencyCheck=0; autowireCandidate=true; primary=false; factoryBeanName=null; factoryMethodName=null; initMethodName=null; destroyMethodName=null] with [Generic bean: class [org.springframework.batch.core.configuration.xml.JobParserJobFactoryBean]; scope=; abstract=false; lazyInit=false; autowireMode=0; dependencyCheck=0; autowireCandidate=true; primary=false; factoryBeanName=null; factoryMethodName=null; initMethodName=null; destroyMethodName=null]
2016-08-31 12:54:51 INFO  PropertyPlaceholderConfigurer:172 - Loading properties file from class path resource [jsontocsv.properties]
2016-08-31 12:54:51 WARN  DefaultListableBeanFactory:739 - Overriding user-defined bean definition for bean 'jsonToCsvFlatFileItemReader with a framework-generated bean definition ': replacing [Generic bean: class [org.springframework.batch.item.file.FlatFileItemReader]; scope=step; abstract=false; lazyInit=false; autowireMode=0; dependencyCheck=0; autowireCandidate=false; primary=false; factoryBeanName=null; factoryMethodName=null; initMethodName=null; destroyMethodName=null; defined in class path resource [jsontocsv-beans.xml]] with [Root bean: class [org.springframework.aop.scope.ScopedProxyFactoryBean]; scope=; abstract=false; lazyInit=false; autowireMode=0; dependencyCheck=0; autowireCandidate=true; primary=false; factoryBeanName=null; factoryMethodName=null; initMethodName=null; destroyMethodName=null; defined in BeanDefinition defined in class path resource [jsontocsv-beans.xml]]
2016-08-31 12:54:51 WARN  DefaultListableBeanFactory:739 - Overriding user-defined bean definition for bean 'jsonToCsvFlatFileItemWriter with a framework-generated bean definition ': replacing [Generic bean: class [org.springframework.batch.item.file.FlatFileItemWriter]; scope=step; abstract=false; lazyInit=false; autowireMode=0; dependencyCheck=0; autowireCandidate=false; primary=false; factoryBeanName=null; factoryMethodName=null; initMethodName=null; destroyMethodName=null; defined in class path resource [jsontocsv-beans.xml]] with [Root bean: class [org.springframework.aop.scope.ScopedProxyFactoryBean]; scope=; abstract=false; lazyInit=false; autowireMode=0; dependencyCheck=0; autowireCandidate=true; primary=false; factoryBeanName=null; factoryMethodName=null; initMethodName=null; destroyMethodName=null; defined in BeanDefinition defined in class path resource [jsontocsv-beans.xml]]
2016-08-31 12:54:51 INFO  SimpleJobLauncher:194 - No TaskExecutor has been set, defaulting to synchronous executor.
2016-08-31 12:54:51 INFO  SimpleJobLauncher:132 - Job: [FlowJob: [name=jsonToCsvBatchJob]] launched with the following parameters: [{outputPath=C:\Users\pratibha.ghorpade\FileConversion\file.txt, outputHeaders=modified1,identifier1,brandNew,test, outputFieldSeperator=,, inputPath=C:\Users\pratibha.ghorpade\FileConversion\file.json.formatted}]
2016-08-31 12:54:51 INFO  SimpleStepHandler:139 - Executing step: [jsonToCsvBatchStepId]
2016-08-31 12:54:51 INFO  SimpleJobLauncher:135 - Job: [FlowJob: [name=jsonToCsvBatchJob]] completed with the following parameters: [{outputPath=C:\Users\pratibha.ghorpade\FileConversion\file.txt, outputHeaders=modified1,identifier1,brandNew,test, outputFieldSeperator=,, inputPath=C:\Users\pratibha.ghorpade\FileConversion\file.json.formatted}] and the following status: [COMPLETED]
2016-08-31 12:54:51 INFO  ClassPathXmlApplicationContext:873 - Closing org.springframework.context.support.ClassPathXmlApplicationContext@1620311: startup date [Wed Aug 31 12:54:50 IST 2016]; root of context hierarchy
2016-08-31 12:55:52 INFO  DynamicJsonToCsvLineMapper:17 - in DynamicJsonToCsvLineMapper
2016-08-31 12:55:52 INFO  ClassPathXmlApplicationContext:513 - Refreshing org.springframework.context.support.ClassPathXmlApplicationContext@1efa9e9: startup date [Wed Aug 31 12:55:52 IST 2016]; root of context hierarchy
2016-08-31 12:55:52 INFO  XmlBeanDefinitionReader:316 - Loading XML bean definitions from class path resource [applicationContext.xml]
2016-08-31 12:55:52 INFO  XmlBeanDefinitionReader:316 - Loading XML bean definitions from class path resource [jsontocsv-beans.xml]
2016-08-31 12:55:53 INFO  DefaultListableBeanFactory:746 - Overriding bean definition for bean 'jsonToCsvBatchJob': replacing [Generic bean: class [org.springframework.batch.core.configuration.xml.SimpleFlowFactoryBean]; scope=; abstract=false; lazyInit=false; autowireMode=0; dependencyCheck=0; autowireCandidate=true; primary=false; factoryBeanName=null; factoryMethodName=null; initMethodName=null; destroyMethodName=null] with [Generic bean: class [org.springframework.batch.core.configuration.xml.JobParserJobFactoryBean]; scope=; abstract=false; lazyInit=false; autowireMode=0; dependencyCheck=0; autowireCandidate=true; primary=false; factoryBeanName=null; factoryMethodName=null; initMethodName=null; destroyMethodName=null]
2016-08-31 12:55:53 INFO  PropertyPlaceholderConfigurer:172 - Loading properties file from class path resource [jsontocsv.properties]
2016-08-31 12:55:53 WARN  DefaultListableBeanFactory:739 - Overriding user-defined bean definition for bean 'jsonToCsvFlatFileItemReader with a framework-generated bean definition ': replacing [Generic bean: class [org.springframework.batch.item.file.FlatFileItemReader]; scope=step; abstract=false; lazyInit=false; autowireMode=0; dependencyCheck=0; autowireCandidate=false; primary=false; factoryBeanName=null; factoryMethodName=null; initMethodName=null; destroyMethodName=null; defined in class path resource [jsontocsv-beans.xml]] with [Root bean: class [org.springframework.aop.scope.ScopedProxyFactoryBean]; scope=; abstract=false; lazyInit=false; autowireMode=0; dependencyCheck=0; autowireCandidate=true; primary=false; factoryBeanName=null; factoryMethodName=null; initMethodName=null; destroyMethodName=null; defined in BeanDefinition defined in class path resource [jsontocsv-beans.xml]]
2016-08-31 12:55:53 WARN  DefaultListableBeanFactory:739 - Overriding user-defined bean definition for bean 'jsonToCsvFlatFileItemWriter with a framework-generated bean definition ': replacing [Generic bean: class [org.springframework.batch.item.file.FlatFileItemWriter]; scope=step; abstract=false; lazyInit=false; autowireMode=0; dependencyCheck=0; autowireCandidate=false; primary=false; factoryBeanName=null; factoryMethodName=null; initMethodName=null; destroyMethodName=null; defined in class path resource [jsontocsv-beans.xml]] with [Root bean: class [org.springframework.aop.scope.ScopedProxyFactoryBean]; scope=; abstract=false; lazyInit=false; autowireMode=0; dependencyCheck=0; autowireCandidate=true; primary=false; factoryBeanName=null; factoryMethodName=null; initMethodName=null; destroyMethodName=null; defined in BeanDefinition defined in class path resource [jsontocsv-beans.xml]]
2016-08-31 12:55:53 INFO  SimpleJobLauncher:194 - No TaskExecutor has been set, defaulting to synchronous executor.
2016-08-31 12:55:53 INFO  SimpleJobLauncher:132 - Job: [FlowJob: [name=jsonToCsvBatchJob]] launched with the following parameters: [{outputPath=C:\Users\pratibha.ghorpade\FileConversion\file1.txt, outputHeaders=modified1,identifier1,brandNew,Pratitest,newcol, outputFieldSeperator=,, inputPath=C:\Users\pratibha.ghorpade\FileConversion\file1.json.formatted}]
2016-08-31 12:55:53 INFO  SimpleStepHandler:139 - Executing step: [jsonToCsvBatchStepId]
2016-08-31 12:55:53 INFO  SimpleJobLauncher:135 - Job: [FlowJob: [name=jsonToCsvBatchJob]] completed with the following parameters: [{outputPath=C:\Users\pratibha.ghorpade\FileConversion\file1.txt, outputHeaders=modified1,identifier1,brandNew,Pratitest,newcol, outputFieldSeperator=,, inputPath=C:\Users\pratibha.ghorpade\FileConversion\file1.json.formatted}] and the following status: [COMPLETED]
2016-08-31 12:55:53 INFO  ClassPathXmlApplicationContext:873 - Closing org.springframework.context.support.ClassPathXmlApplicationContext@1efa9e9: startup date [Wed Aug 31 12:55:52 IST 2016]; root of context hierarchy
2016-08-31 12:57:01 INFO  DynamicJsonToCsvLineMapper:17 - in DynamicJsonToCsvLineMapper
2016-08-31 12:57:02 INFO  ClassPathXmlApplicationContext:513 - Refreshing org.springframework.context.support.ClassPathXmlApplicationContext@1620311: startup date [Wed Aug 31 12:57:02 IST 2016]; root of context hierarchy
2016-08-31 12:57:02 INFO  XmlBeanDefinitionReader:316 - Loading XML bean definitions from class path resource [applicationContext.xml]
2016-08-31 12:57:02 INFO  XmlBeanDefinitionReader:316 - Loading XML bean definitions from class path resource [jsontocsv-beans.xml]
2016-08-31 12:57:02 INFO  DefaultListableBeanFactory:746 - Overriding bean definition for bean 'jsonToCsvBatchJob': replacing [Generic bean: class [org.springframework.batch.core.configuration.xml.SimpleFlowFactoryBean]; scope=; abstract=false; lazyInit=false; autowireMode=0; dependencyCheck=0; autowireCandidate=true; primary=false; factoryBeanName=null; factoryMethodName=null; initMethodName=null; destroyMethodName=null] with [Generic bean: class [org.springframework.batch.core.configuration.xml.JobParserJobFactoryBean]; scope=; abstract=false; lazyInit=false; autowireMode=0; dependencyCheck=0; autowireCandidate=true; primary=false; factoryBeanName=null; factoryMethodName=null; initMethodName=null; destroyMethodName=null]
2016-08-31 12:57:03 INFO  PropertyPlaceholderConfigurer:172 - Loading properties file from class path resource [jsontocsv.properties]
2016-08-31 12:57:03 WARN  DefaultListableBeanFactory:739 - Overriding user-defined bean definition for bean 'jsonToCsvFlatFileItemReader with a framework-generated bean definition ': replacing [Generic bean: class [org.springframework.batch.item.file.FlatFileItemReader]; scope=step; abstract=false; lazyInit=false; autowireMode=0; dependencyCheck=0; autowireCandidate=false; primary=false; factoryBeanName=null; factoryMethodName=null; initMethodName=null; destroyMethodName=null; defined in class path resource [jsontocsv-beans.xml]] with [Root bean: class [org.springframework.aop.scope.ScopedProxyFactoryBean]; scope=; abstract=false; lazyInit=false; autowireMode=0; dependencyCheck=0; autowireCandidate=true; primary=false; factoryBeanName=null; factoryMethodName=null; initMethodName=null; destroyMethodName=null; defined in BeanDefinition defined in class path resource [jsontocsv-beans.xml]]
2016-08-31 12:57:03 WARN  DefaultListableBeanFactory:739 - Overriding user-defined bean definition for bean 'jsonToCsvFlatFileItemWriter with a framework-generated bean definition ': replacing [Generic bean: class [org.springframework.batch.item.file.FlatFileItemWriter]; scope=step; abstract=false; lazyInit=false; autowireMode=0; dependencyCheck=0; autowireCandidate=false; primary=false; factoryBeanName=null; factoryMethodName=null; initMethodName=null; destroyMethodName=null; defined in class path resource [jsontocsv-beans.xml]] with [Root bean: class [org.springframework.aop.scope.ScopedProxyFactoryBean]; scope=; abstract=false; lazyInit=false; autowireMode=0; dependencyCheck=0; autowireCandidate=true; primary=false; factoryBeanName=null; factoryMethodName=null; initMethodName=null; destroyMethodName=null; defined in BeanDefinition defined in class path resource [jsontocsv-beans.xml]]
2016-08-31 12:57:03 INFO  SimpleJobLauncher:194 - No TaskExecutor has been set, defaulting to synchronous executor.
2016-08-31 12:57:03 INFO  SimpleJobLauncher:132 - Job: [FlowJob: [name=jsonToCsvBatchJob]] launched with the following parameters: [{outputPath=C:\Users\pratibha.ghorpade\FileConversion\file.txt, outputHeaders=modified1,identifier1,brandNew,test, outputFieldSeperator=,, inputPath=C:\Users\pratibha.ghorpade\FileConversion\file.json.formatted}]
2016-08-31 12:57:03 INFO  SimpleStepHandler:139 - Executing step: [jsonToCsvBatchStepId]
2016-08-31 12:57:03 INFO  SimpleJobLauncher:135 - Job: [FlowJob: [name=jsonToCsvBatchJob]] completed with the following parameters: [{outputPath=C:\Users\pratibha.ghorpade\FileConversion\file.txt, outputHeaders=modified1,identifier1,brandNew,test, outputFieldSeperator=,, inputPath=C:\Users\pratibha.ghorpade\FileConversion\file.json.formatted}] and the following status: [COMPLETED]
2016-08-31 12:57:03 INFO  ClassPathXmlApplicationContext:873 - Closing org.springframework.context.support.ClassPathXmlApplicationContext@1620311: startup date [Wed Aug 31 12:57:02 IST 2016]; root of context hierarchy
2016-08-31 12:57:55 INFO  DynamicJsonToCsvLineMapper:17 - in DynamicJsonToCsvLineMapper
2016-08-31 12:57:56 INFO  ClassPathXmlApplicationContext:513 - Refreshing org.springframework.context.support.ClassPathXmlApplicationContext@1b00372: startup date [Wed Aug 31 12:57:56 IST 2016]; root of context hierarchy
2016-08-31 12:57:56 INFO  XmlBeanDefinitionReader:316 - Loading XML bean definitions from class path resource [applicationContext.xml]
2016-08-31 12:57:56 INFO  XmlBeanDefinitionReader:316 - Loading XML bean definitions from class path resource [jsontocsv-beans.xml]
2016-08-31 12:57:56 INFO  DefaultListableBeanFactory:746 - Overriding bean definition for bean 'jsonToCsvBatchJob': replacing [Generic bean: class [org.springframework.batch.core.configuration.xml.SimpleFlowFactoryBean]; scope=; abstract=false; lazyInit=false; autowireMode=0; dependencyCheck=0; autowireCandidate=true; primary=false; factoryBeanName=null; factoryMethodName=null; initMethodName=null; destroyMethodName=null] with [Generic bean: class [org.springframework.batch.core.configuration.xml.JobParserJobFactoryBean]; scope=; abstract=false; lazyInit=false; autowireMode=0; dependencyCheck=0; autowireCandidate=true; primary=false; factoryBeanName=null; factoryMethodName=null; initMethodName=null; destroyMethodName=null]
2016-08-31 12:57:56 INFO  PropertyPlaceholderConfigurer:172 - Loading properties file from class path resource [jsontocsv.properties]
2016-08-31 12:57:56 WARN  DefaultListableBeanFactory:739 - Overriding user-defined bean definition for bean 'jsonToCsvFlatFileItemReader with a framework-generated bean definition ': replacing [Generic bean: class [org.springframework.batch.item.file.FlatFileItemReader]; scope=step; abstract=false; lazyInit=false; autowireMode=0; dependencyCheck=0; autowireCandidate=false; primary=false; factoryBeanName=null; factoryMethodName=null; initMethodName=null; destroyMethodName=null; defined in class path resource [jsontocsv-beans.xml]] with [Root bean: class [org.springframework.aop.scope.ScopedProxyFactoryBean]; scope=; abstract=false; lazyInit=false; autowireMode=0; dependencyCheck=0; autowireCandidate=true; primary=false; factoryBeanName=null; factoryMethodName=null; initMethodName=null; destroyMethodName=null; defined in BeanDefinition defined in class path resource [jsontocsv-beans.xml]]
2016-08-31 12:57:56 WARN  DefaultListableBeanFactory:739 - Overriding user-defined bean definition for bean 'jsonToCsvFlatFileItemWriter with a framework-generated bean definition ': replacing [Generic bean: class [org.springframework.batch.item.file.FlatFileItemWriter]; scope=step; abstract=false; lazyInit=false; autowireMode=0; dependencyCheck=0; autowireCandidate=false; primary=false; factoryBeanName=null; factoryMethodName=null; initMethodName=null; destroyMethodName=null; defined in class path resource [jsontocsv-beans.xml]] with [Root bean: class [org.springframework.aop.scope.ScopedProxyFactoryBean]; scope=; abstract=false; lazyInit=false; autowireMode=0; dependencyCheck=0; autowireCandidate=true; primary=false; factoryBeanName=null; factoryMethodName=null; initMethodName=null; destroyMethodName=null; defined in BeanDefinition defined in class path resource [jsontocsv-beans.xml]]
2016-08-31 12:57:57 INFO  SimpleJobLauncher:194 - No TaskExecutor has been set, defaulting to synchronous executor.
2016-08-31 12:57:57 INFO  SimpleJobLauncher:132 - Job: [FlowJob: [name=jsonToCsvBatchJob]] launched with the following parameters: [{outputPath=C:\Users\pratibha.ghorpade\FileConversion\file123.txt, outputHeaders=modified1,identifier1,brandNew,test, outputFieldSeperator=,, inputPath=C:\Users\pratibha.ghorpade\FileConversion\file.json.formatted}]
2016-08-31 12:57:57 INFO  SimpleStepHandler:139 - Executing step: [jsonToCsvBatchStepId]
2016-08-31 12:57:57 INFO  SimpleJobLauncher:135 - Job: [FlowJob: [name=jsonToCsvBatchJob]] completed with the following parameters: [{outputPath=C:\Users\pratibha.ghorpade\FileConversion\file123.txt, outputHeaders=modified1,identifier1,brandNew,test, outputFieldSeperator=,, inputPath=C:\Users\pratibha.ghorpade\FileConversion\file.json.formatted}] and the following status: [COMPLETED]
2016-08-31 12:57:57 INFO  ClassPathXmlApplicationContext:873 - Closing org.springframework.context.support.ClassPathXmlApplicationContext@1b00372: startup date [Wed Aug 31 12:57:56 IST 2016]; root of context hierarchy
2016-08-31 12:58:44 INFO  DynamicJsonToCsvLineMapper:17 - in DynamicJsonToCsvLineMapper
2016-08-31 12:58:45 INFO  ClassPathXmlApplicationContext:513 - Refreshing org.springframework.context.support.ClassPathXmlApplicationContext@1b00372: startup date [Wed Aug 31 12:58:45 IST 2016]; root of context hierarchy
2016-08-31 12:58:45 INFO  XmlBeanDefinitionReader:316 - Loading XML bean definitions from class path resource [applicationContext.xml]
2016-08-31 12:58:45 INFO  XmlBeanDefinitionReader:316 - Loading XML bean definitions from class path resource [jsontocsv-beans.xml]
2016-08-31 12:58:45 INFO  DefaultListableBeanFactory:746 - Overriding bean definition for bean 'jsonToCsvBatchJob': replacing [Generic bean: class [org.springframework.batch.core.configuration.xml.SimpleFlowFactoryBean]; scope=; abstract=false; lazyInit=false; autowireMode=0; dependencyCheck=0; autowireCandidate=true; primary=false; factoryBeanName=null; factoryMethodName=null; initMethodName=null; destroyMethodName=null] with [Generic bean: class [org.springframework.batch.core.configuration.xml.JobParserJobFactoryBean]; scope=; abstract=false; lazyInit=false; autowireMode=0; dependencyCheck=0; autowireCandidate=true; primary=false; factoryBeanName=null; factoryMethodName=null; initMethodName=null; destroyMethodName=null]
2016-08-31 12:58:45 INFO  PropertyPlaceholderConfigurer:172 - Loading properties file from class path resource [jsontocsv.properties]
2016-08-31 12:58:45 WARN  DefaultListableBeanFactory:739 - Overriding user-defined bean definition for bean 'jsonToCsvFlatFileItemReader with a framework-generated bean definition ': replacing [Generic bean: class [org.springframework.batch.item.file.FlatFileItemReader]; scope=step; abstract=false; lazyInit=false; autowireMode=0; dependencyCheck=0; autowireCandidate=false; primary=false; factoryBeanName=null; factoryMethodName=null; initMethodName=null; destroyMethodName=null; defined in class path resource [jsontocsv-beans.xml]] with [Root bean: class [org.springframework.aop.scope.ScopedProxyFactoryBean]; scope=; abstract=false; lazyInit=false; autowireMode=0; dependencyCheck=0; autowireCandidate=true; primary=false; factoryBeanName=null; factoryMethodName=null; initMethodName=null; destroyMethodName=null; defined in BeanDefinition defined in class path resource [jsontocsv-beans.xml]]
2016-08-31 12:58:45 WARN  DefaultListableBeanFactory:739 - Overriding user-defined bean definition for bean 'jsonToCsvFlatFileItemWriter with a framework-generated bean definition ': replacing [Generic bean: class [org.springframework.batch.item.file.FlatFileItemWriter]; scope=step; abstract=false; lazyInit=false; autowireMode=0; dependencyCheck=0; autowireCandidate=false; primary=false; factoryBeanName=null; factoryMethodName=null; initMethodName=null; destroyMethodName=null; defined in class path resource [jsontocsv-beans.xml]] with [Root bean: class [org.springframework.aop.scope.ScopedProxyFactoryBean]; scope=; abstract=false; lazyInit=false; autowireMode=0; dependencyCheck=0; autowireCandidate=true; primary=false; factoryBeanName=null; factoryMethodName=null; initMethodName=null; destroyMethodName=null; defined in BeanDefinition defined in class path resource [jsontocsv-beans.xml]]
2016-08-31 12:58:46 INFO  SimpleJobLauncher:194 - No TaskExecutor has been set, defaulting to synchronous executor.
2016-08-31 12:58:46 INFO  SimpleJobLauncher:132 - Job: [FlowJob: [name=jsonToCsvBatchJob]] launched with the following parameters: [{outputPath=C:\Users\pratibha.ghorpade\FileConversion\file2.txt, outputHeaders=modi,id,br,test, outputFieldSeperator=,, inputPath=C:\Users\pratibha.ghorpade\FileConversion\file2.json.formatted}]
2016-08-31 12:58:46 INFO  SimpleStepHandler:139 - Executing step: [jsonToCsvBatchStepId]
2016-08-31 12:58:46 INFO  SimpleJobLauncher:135 - Job: [FlowJob: [name=jsonToCsvBatchJob]] completed with the following parameters: [{outputPath=C:\Users\pratibha.ghorpade\FileConversion\file2.txt, outputHeaders=modi,id,br,test, outputFieldSeperator=,, inputPath=C:\Users\pratibha.ghorpade\FileConversion\file2.json.formatted}] and the following status: [COMPLETED]
2016-08-31 12:58:46 INFO  ClassPathXmlApplicationContext:873 - Closing org.springframework.context.support.ClassPathXmlApplicationContext@1b00372: startup date [Wed Aug 31 12:58:45 IST 2016]; root of context hierarchy
2016-08-31 13:06:27 INFO  DynamicJsonToCsvLineMapper:17 - in DynamicJsonToCsvLineMapper
2016-08-31 13:06:28 INFO  ClassPathXmlApplicationContext:513 - Refreshing org.springframework.context.support.ClassPathXmlApplicationContext@e0cab2: startup date [Wed Aug 31 13:06:28 IST 2016]; root of context hierarchy
2016-08-31 13:06:28 INFO  XmlBeanDefinitionReader:316 - Loading XML bean definitions from class path resource [applicationContext.xml]
2016-08-31 13:06:28 INFO  XmlBeanDefinitionReader:316 - Loading XML bean definitions from class path resource [jsontocsv-beans.xml]
2016-08-31 13:06:28 INFO  DefaultListableBeanFactory:746 - Overriding bean definition for bean 'jsonToCsvBatchJob': replacing [Generic bean: class [org.springframework.batch.core.configuration.xml.SimpleFlowFactoryBean]; scope=; abstract=false; lazyInit=false; autowireMode=0; dependencyCheck=0; autowireCandidate=true; primary=false; factoryBeanName=null; factoryMethodName=null; initMethodName=null; destroyMethodName=null] with [Generic bean: class [org.springframework.batch.core.configuration.xml.JobParserJobFactoryBean]; scope=; abstract=false; lazyInit=false; autowireMode=0; dependencyCheck=0; autowireCandidate=true; primary=false; factoryBeanName=null; factoryMethodName=null; initMethodName=null; destroyMethodName=null]
2016-08-31 13:06:28 INFO  PropertyPlaceholderConfigurer:172 - Loading properties file from class path resource [jsontocsv.properties]
2016-08-31 13:06:28 WARN  DefaultListableBeanFactory:739 - Overriding user-defined bean definition for bean 'jsonToCsvFlatFileItemReader with a framework-generated bean definition ': replacing [Generic bean: class [org.springframework.batch.item.file.FlatFileItemReader]; scope=step; abstract=false; lazyInit=false; autowireMode=0; dependencyCheck=0; autowireCandidate=false; primary=false; factoryBeanName=null; factoryMethodName=null; initMethodName=null; destroyMethodName=null; defined in class path resource [jsontocsv-beans.xml]] with [Root bean: class [org.springframework.aop.scope.ScopedProxyFactoryBean]; scope=; abstract=false; lazyInit=false; autowireMode=0; dependencyCheck=0; autowireCandidate=true; primary=false; factoryBeanName=null; factoryMethodName=null; initMethodName=null; destroyMethodName=null; defined in BeanDefinition defined in class path resource [jsontocsv-beans.xml]]
2016-08-31 13:06:28 WARN  DefaultListableBeanFactory:739 - Overriding user-defined bean definition for bean 'jsonToCsvFlatFileItemWriter with a framework-generated bean definition ': replacing [Generic bean: class [org.springframework.batch.item.file.FlatFileItemWriter]; scope=step; abstract=false; lazyInit=false; autowireMode=0; dependencyCheck=0; autowireCandidate=false; primary=false; factoryBeanName=null; factoryMethodName=null; initMethodName=null; destroyMethodName=null; defined in class path resource [jsontocsv-beans.xml]] with [Root bean: class [org.springframework.aop.scope.ScopedProxyFactoryBean]; scope=; abstract=false; lazyInit=false; autowireMode=0; dependencyCheck=0; autowireCandidate=true; primary=false; factoryBeanName=null; factoryMethodName=null; initMethodName=null; destroyMethodName=null; defined in BeanDefinition defined in class path resource [jsontocsv-beans.xml]]
2016-08-31 13:06:28 INFO  SimpleJobLauncher:194 - No TaskExecutor has been set, defaulting to synchronous executor.
2016-08-31 13:06:28 INFO  SimpleJobLauncher:132 - Job: [FlowJob: [name=jsonToCsvBatchJob]] launched with the following parameters: [{outputPath=C:\Users\pratibha.ghorpade\FileConversion\file.txt, outputHeaders=modified1,identifier1,brandNew,test, outputFieldSeperator=,, inputPath=C:\Users\pratibha.ghorpade\FileConversion\file.json.formatted}]
2016-08-31 13:06:28 INFO  SimpleStepHandler:139 - Executing step: [jsonToCsvBatchStepId]
2016-08-31 13:06:29 INFO  SimpleJobLauncher:135 - Job: [FlowJob: [name=jsonToCsvBatchJob]] completed with the following parameters: [{outputPath=C:\Users\pratibha.ghorpade\FileConversion\file.txt, outputHeaders=modified1,identifier1,brandNew,test, outputFieldSeperator=,, inputPath=C:\Users\pratibha.ghorpade\FileConversion\file.json.formatted}] and the following status: [COMPLETED]
2016-08-31 13:06:29 INFO  ClassPathXmlApplicationContext:873 - Closing org.springframework.context.support.ClassPathXmlApplicationContext@e0cab2: startup date [Wed Aug 31 13:06:28 IST 2016]; root of context hierarchy
